<?xml version="1.0" encoding="UTF-8"?>
<testsuite xmlns:xsi="http://www.w3.org/2001/XMLSchema-instance" xsi:noNamespaceSchemaLocation="https://maven.apache.org/surefire/maven-surefire-plugin/xsd/surefire-test-report-3.0.xsd" version="3.0" name="com.bankx.bankx.BankxApplicationTests" time="5.966" tests="1" errors="0" skipped="0" failures="0">
  <properties>
    <property name="java.specification.version" value="22"/>
    <property name="sun.cpu.isalist" value="amd64"/>
    <property name="sun.jnu.encoding" value="Cp1252"/>
    <property name="java.class.path" value="D:\BankApplication\BankXapplication\target\test-classes;D:\BankApplication\BankXapplication\target\classes;D:\m2\org\springframework\boot\spring-boot-starter-actuator\3.2.8\spring-boot-starter-actuator-3.2.8.jar;D:\m2\org\springframework\boot\spring-boot-starter\3.2.8\spring-boot-starter-3.2.8.jar;D:\m2\org\springframework\boot\spring-boot-starter-logging\3.2.8\spring-boot-starter-logging-3.2.8.jar;D:\m2\ch\qos\logback\logback-classic\1.4.14\logback-classic-1.4.14.jar;D:\m2\ch\qos\logback\logback-core\1.4.14\logback-core-1.4.14.jar;D:\m2\org\apache\logging\log4j\log4j-to-slf4j\2.21.1\log4j-to-slf4j-2.21.1.jar;D:\m2\org\apache\logging\log4j\log4j-api\2.21.1\log4j-api-2.21.1.jar;D:\m2\org\slf4j\jul-to-slf4j\2.0.13\jul-to-slf4j-2.0.13.jar;D:\m2\jakarta\annotation\jakarta.annotation-api\2.1.1\jakarta.annotation-api-2.1.1.jar;D:\m2\org\yaml\snakeyaml\2.2\snakeyaml-2.2.jar;D:\m2\org\springframework\boot\spring-boot-actuator-autoconfigure\3.2.8\spring-boot-actuator-autoconfigure-3.2.8.jar;D:\m2\org\springframework\boot\spring-boot-actuator\3.2.8\spring-boot-actuator-3.2.8.jar;D:\m2\com\fasterxml\jackson\core\jackson-databind\2.15.4\jackson-databind-2.15.4.jar;D:\m2\com\fasterxml\jackson\core\jackson-annotations\2.15.4\jackson-annotations-2.15.4.jar;D:\m2\com\fasterxml\jackson\core\jackson-core\2.15.4\jackson-core-2.15.4.jar;D:\m2\com\fasterxml\jackson\datatype\jackson-datatype-jsr310\2.15.4\jackson-datatype-jsr310-2.15.4.jar;D:\m2\io\micrometer\micrometer-observation\1.12.8\micrometer-observation-1.12.8.jar;D:\m2\io\micrometer\micrometer-commons\1.12.8\micrometer-commons-1.12.8.jar;D:\m2\io\micrometer\micrometer-jakarta9\1.12.8\micrometer-jakarta9-1.12.8.jar;D:\m2\io\micrometer\micrometer-core\1.12.8\micrometer-core-1.12.8.jar;D:\m2\org\hdrhistogram\HdrHistogram\2.1.12\HdrHistogram-2.1.12.jar;D:\m2\org\latencyutils\LatencyUtils\2.0.3\LatencyUtils-2.0.3.jar;D:\m2\org\springframework\boot\spring-boot-starter-data-jpa\3.2.8\spring-boot-starter-data-jpa-3.2.8.jar;D:\m2\org\springframework\boot\spring-boot-starter-aop\3.2.8\spring-boot-starter-aop-3.2.8.jar;D:\m2\org\springframework\spring-aop\6.1.11\spring-aop-6.1.11.jar;D:\m2\org\aspectj\aspectjweaver\1.9.22.1\aspectjweaver-1.9.22.1.jar;D:\m2\org\springframework\boot\spring-boot-starter-jdbc\3.2.8\spring-boot-starter-jdbc-3.2.8.jar;D:\m2\com\zaxxer\HikariCP\5.0.1\HikariCP-5.0.1.jar;D:\m2\org\springframework\spring-jdbc\6.1.11\spring-jdbc-6.1.11.jar;D:\m2\org\hibernate\orm\hibernate-core\6.4.9.Final\hibernate-core-6.4.9.Final.jar;D:\m2\jakarta\persistence\jakarta.persistence-api\3.1.0\jakarta.persistence-api-3.1.0.jar;D:\m2\jakarta\transaction\jakarta.transaction-api\2.0.1\jakarta.transaction-api-2.0.1.jar;D:\m2\org\jboss\logging\jboss-logging\3.5.3.Final\jboss-logging-3.5.3.Final.jar;D:\m2\org\hibernate\common\hibernate-commons-annotations\6.0.6.Final\hibernate-commons-annotations-6.0.6.Final.jar;D:\m2\io\smallrye\jandex\3.1.2\jandex-3.1.2.jar;D:\m2\com\fasterxml\classmate\1.6.0\classmate-1.6.0.jar;D:\m2\net\bytebuddy\byte-buddy\1.14.18\byte-buddy-1.14.18.jar;D:\m2\org\glassfish\jaxb\jaxb-runtime\4.0.5\jaxb-runtime-4.0.5.jar;D:\m2\org\glassfish\jaxb\jaxb-core\4.0.5\jaxb-core-4.0.5.jar;D:\m2\org\eclipse\angus\angus-activation\2.0.2\angus-activation-2.0.2.jar;D:\m2\org\glassfish\jaxb\txw2\4.0.5\txw2-4.0.5.jar;D:\m2\com\sun\istack\istack-commons-runtime\4.1.2\istack-commons-runtime-4.1.2.jar;D:\m2\jakarta\inject\jakarta.inject-api\2.0.1\jakarta.inject-api-2.0.1.jar;D:\m2\org\antlr\antlr4-runtime\4.13.0\antlr4-runtime-4.13.0.jar;D:\m2\org\springframework\data\spring-data-jpa\3.2.8\spring-data-jpa-3.2.8.jar;D:\m2\org\springframework\data\spring-data-commons\3.2.8\spring-data-commons-3.2.8.jar;D:\m2\org\springframework\spring-orm\6.1.11\spring-orm-6.1.11.jar;D:\m2\org\springframework\spring-context\6.1.11\spring-context-6.1.11.jar;D:\m2\org\springframework\spring-tx\6.1.11\spring-tx-6.1.11.jar;D:\m2\org\springframework\spring-beans\6.1.11\spring-beans-6.1.11.jar;D:\m2\org\slf4j\slf4j-api\2.0.13\slf4j-api-2.0.13.jar;D:\m2\org\springframework\spring-aspects\6.1.11\spring-aspects-6.1.11.jar;D:\m2\org\springframework\boot\spring-boot-starter-web\3.2.8\spring-boot-starter-web-3.2.8.jar;D:\m2\org\springframework\boot\spring-boot-starter-json\3.2.8\spring-boot-starter-json-3.2.8.jar;D:\m2\com\fasterxml\jackson\datatype\jackson-datatype-jdk8\2.15.4\jackson-datatype-jdk8-2.15.4.jar;D:\m2\com\fasterxml\jackson\module\jackson-module-parameter-names\2.15.4\jackson-module-parameter-names-2.15.4.jar;D:\m2\org\springframework\boot\spring-boot-starter-tomcat\3.2.8\spring-boot-starter-tomcat-3.2.8.jar;D:\m2\org\apache\tomcat\embed\tomcat-embed-core\10.1.26\tomcat-embed-core-10.1.26.jar;D:\m2\org\apache\tomcat\embed\tomcat-embed-el\10.1.26\tomcat-embed-el-10.1.26.jar;D:\m2\org\apache\tomcat\embed\tomcat-embed-websocket\10.1.26\tomcat-embed-websocket-10.1.26.jar;D:\m2\org\springframework\spring-web\6.1.11\spring-web-6.1.11.jar;D:\m2\org\springframework\spring-webmvc\6.1.11\spring-webmvc-6.1.11.jar;D:\m2\org\springframework\spring-expression\6.1.11\spring-expression-6.1.11.jar;D:\m2\org\springframework\boot\spring-boot-devtools\3.2.8\spring-boot-devtools-3.2.8.jar;D:\m2\org\springframework\boot\spring-boot\3.2.8\spring-boot-3.2.8.jar;D:\m2\org\springframework\boot\spring-boot-autoconfigure\3.2.8\spring-boot-autoconfigure-3.2.8.jar;D:\m2\com\h2database\h2\2.2.224\h2-2.2.224.jar;D:\m2\org\springframework\boot\spring-boot-starter-test\3.2.8\spring-boot-starter-test-3.2.8.jar;D:\m2\org\springframework\boot\spring-boot-test\3.2.8\spring-boot-test-3.2.8.jar;D:\m2\org\springframework\boot\spring-boot-test-autoconfigure\3.2.8\spring-boot-test-autoconfigure-3.2.8.jar;D:\m2\com\jayway\jsonpath\json-path\2.9.0\json-path-2.9.0.jar;D:\m2\jakarta\xml\bind\jakarta.xml.bind-api\4.0.2\jakarta.xml.bind-api-4.0.2.jar;D:\m2\jakarta\activation\jakarta.activation-api\2.1.3\jakarta.activation-api-2.1.3.jar;D:\m2\net\minidev\json-smart\2.5.1\json-smart-2.5.1.jar;D:\m2\net\minidev\accessors-smart\2.5.1\accessors-smart-2.5.1.jar;D:\m2\org\ow2\asm\asm\9.6\asm-9.6.jar;D:\m2\org\assertj\assertj-core\3.24.2\assertj-core-3.24.2.jar;D:\m2\org\awaitility\awaitility\4.2.1\awaitility-4.2.1.jar;D:\m2\org\hamcrest\hamcrest\2.2\hamcrest-2.2.jar;D:\m2\org\junit\jupiter\junit-jupiter\5.10.3\junit-jupiter-5.10.3.jar;D:\m2\org\junit\jupiter\junit-jupiter-api\5.10.3\junit-jupiter-api-5.10.3.jar;D:\m2\org\opentest4j\opentest4j\1.3.0\opentest4j-1.3.0.jar;D:\m2\org\junit\platform\junit-platform-commons\1.10.3\junit-platform-commons-1.10.3.jar;D:\m2\org\apiguardian\apiguardian-api\1.1.2\apiguardian-api-1.1.2.jar;D:\m2\org\junit\jupiter\junit-jupiter-params\5.10.3\junit-jupiter-params-5.10.3.jar;D:\m2\org\junit\jupiter\junit-jupiter-engine\5.10.3\junit-jupiter-engine-5.10.3.jar;D:\m2\org\junit\platform\junit-platform-engine\1.10.3\junit-platform-engine-1.10.3.jar;D:\m2\org\mockito\mockito-core\5.7.0\mockito-core-5.7.0.jar;D:\m2\net\bytebuddy\byte-buddy-agent\1.14.18\byte-buddy-agent-1.14.18.jar;D:\m2\org\objenesis\objenesis\3.3\objenesis-3.3.jar;D:\m2\org\mockito\mockito-junit-jupiter\5.7.0\mockito-junit-jupiter-5.7.0.jar;D:\m2\org\skyscreamer\jsonassert\1.5.3\jsonassert-1.5.3.jar;D:\m2\com\vaadin\external\google\android-json\0.0.20131108.vaadin1\android-json-0.0.20131108.vaadin1.jar;D:\m2\org\springframework\spring-core\6.1.11\spring-core-6.1.11.jar;D:\m2\org\springframework\spring-jcl\6.1.11\spring-jcl-6.1.11.jar;D:\m2\org\springframework\spring-test\6.1.11\spring-test-6.1.11.jar;D:\m2\org\xmlunit\xmlunit-core\2.9.1\xmlunit-core-2.9.1.jar;"/>
    <property name="java.vm.vendor" value="Oracle Corporation"/>
    <property name="sun.arch.data.model" value="64"/>
    <property name="user.variant" value=""/>
    <property name="java.vendor.url" value="https://java.oracle.com/"/>
    <property name="user.timezone" value="Asia/Calcutta"/>
    <property name="org.jboss.logging.provider" value="slf4j"/>
    <property name="os.name" value="Windows 11"/>
    <property name="java.vm.specification.version" value="22"/>
    <property name="sun.java.launcher" value="SUN_STANDARD"/>
    <property name="user.country" value="IN"/>
    <property name="sun.boot.library.path" value="D:\Softwares\jdk-22.0.2\bin"/>
    <property name="sun.java.command" value="C:\Users\Montu\AppData\Local\Temp\surefire17718589862996085041\surefirebooter-20240903141809022_3.jar C:\Users\Montu\AppData\Local\Temp\surefire17718589862996085041 2024-09-03T14-18-07_817-jvmRun1 surefire-20240903141809022_1tmp surefire_0-20240903141809022_2tmp"/>
    <property name="jdk.debug" value="release"/>
    <property name="surefire.test.class.path" value="D:\BankApplication\BankXapplication\target\test-classes;D:\BankApplication\BankXapplication\target\classes;D:\m2\org\springframework\boot\spring-boot-starter-actuator\3.2.8\spring-boot-starter-actuator-3.2.8.jar;D:\m2\org\springframework\boot\spring-boot-starter\3.2.8\spring-boot-starter-3.2.8.jar;D:\m2\org\springframework\boot\spring-boot-starter-logging\3.2.8\spring-boot-starter-logging-3.2.8.jar;D:\m2\ch\qos\logback\logback-classic\1.4.14\logback-classic-1.4.14.jar;D:\m2\ch\qos\logback\logback-core\1.4.14\logback-core-1.4.14.jar;D:\m2\org\apache\logging\log4j\log4j-to-slf4j\2.21.1\log4j-to-slf4j-2.21.1.jar;D:\m2\org\apache\logging\log4j\log4j-api\2.21.1\log4j-api-2.21.1.jar;D:\m2\org\slf4j\jul-to-slf4j\2.0.13\jul-to-slf4j-2.0.13.jar;D:\m2\jakarta\annotation\jakarta.annotation-api\2.1.1\jakarta.annotation-api-2.1.1.jar;D:\m2\org\yaml\snakeyaml\2.2\snakeyaml-2.2.jar;D:\m2\org\springframework\boot\spring-boot-actuator-autoconfigure\3.2.8\spring-boot-actuator-autoconfigure-3.2.8.jar;D:\m2\org\springframework\boot\spring-boot-actuator\3.2.8\spring-boot-actuator-3.2.8.jar;D:\m2\com\fasterxml\jackson\core\jackson-databind\2.15.4\jackson-databind-2.15.4.jar;D:\m2\com\fasterxml\jackson\core\jackson-annotations\2.15.4\jackson-annotations-2.15.4.jar;D:\m2\com\fasterxml\jackson\core\jackson-core\2.15.4\jackson-core-2.15.4.jar;D:\m2\com\fasterxml\jackson\datatype\jackson-datatype-jsr310\2.15.4\jackson-datatype-jsr310-2.15.4.jar;D:\m2\io\micrometer\micrometer-observation\1.12.8\micrometer-observation-1.12.8.jar;D:\m2\io\micrometer\micrometer-commons\1.12.8\micrometer-commons-1.12.8.jar;D:\m2\io\micrometer\micrometer-jakarta9\1.12.8\micrometer-jakarta9-1.12.8.jar;D:\m2\io\micrometer\micrometer-core\1.12.8\micrometer-core-1.12.8.jar;D:\m2\org\hdrhistogram\HdrHistogram\2.1.12\HdrHistogram-2.1.12.jar;D:\m2\org\latencyutils\LatencyUtils\2.0.3\LatencyUtils-2.0.3.jar;D:\m2\org\springframework\boot\spring-boot-starter-data-jpa\3.2.8\spring-boot-starter-data-jpa-3.2.8.jar;D:\m2\org\springframework\boot\spring-boot-starter-aop\3.2.8\spring-boot-starter-aop-3.2.8.jar;D:\m2\org\springframework\spring-aop\6.1.11\spring-aop-6.1.11.jar;D:\m2\org\aspectj\aspectjweaver\1.9.22.1\aspectjweaver-1.9.22.1.jar;D:\m2\org\springframework\boot\spring-boot-starter-jdbc\3.2.8\spring-boot-starter-jdbc-3.2.8.jar;D:\m2\com\zaxxer\HikariCP\5.0.1\HikariCP-5.0.1.jar;D:\m2\org\springframework\spring-jdbc\6.1.11\spring-jdbc-6.1.11.jar;D:\m2\org\hibernate\orm\hibernate-core\6.4.9.Final\hibernate-core-6.4.9.Final.jar;D:\m2\jakarta\persistence\jakarta.persistence-api\3.1.0\jakarta.persistence-api-3.1.0.jar;D:\m2\jakarta\transaction\jakarta.transaction-api\2.0.1\jakarta.transaction-api-2.0.1.jar;D:\m2\org\jboss\logging\jboss-logging\3.5.3.Final\jboss-logging-3.5.3.Final.jar;D:\m2\org\hibernate\common\hibernate-commons-annotations\6.0.6.Final\hibernate-commons-annotations-6.0.6.Final.jar;D:\m2\io\smallrye\jandex\3.1.2\jandex-3.1.2.jar;D:\m2\com\fasterxml\classmate\1.6.0\classmate-1.6.0.jar;D:\m2\net\bytebuddy\byte-buddy\1.14.18\byte-buddy-1.14.18.jar;D:\m2\org\glassfish\jaxb\jaxb-runtime\4.0.5\jaxb-runtime-4.0.5.jar;D:\m2\org\glassfish\jaxb\jaxb-core\4.0.5\jaxb-core-4.0.5.jar;D:\m2\org\eclipse\angus\angus-activation\2.0.2\angus-activation-2.0.2.jar;D:\m2\org\glassfish\jaxb\txw2\4.0.5\txw2-4.0.5.jar;D:\m2\com\sun\istack\istack-commons-runtime\4.1.2\istack-commons-runtime-4.1.2.jar;D:\m2\jakarta\inject\jakarta.inject-api\2.0.1\jakarta.inject-api-2.0.1.jar;D:\m2\org\antlr\antlr4-runtime\4.13.0\antlr4-runtime-4.13.0.jar;D:\m2\org\springframework\data\spring-data-jpa\3.2.8\spring-data-jpa-3.2.8.jar;D:\m2\org\springframework\data\spring-data-commons\3.2.8\spring-data-commons-3.2.8.jar;D:\m2\org\springframework\spring-orm\6.1.11\spring-orm-6.1.11.jar;D:\m2\org\springframework\spring-context\6.1.11\spring-context-6.1.11.jar;D:\m2\org\springframework\spring-tx\6.1.11\spring-tx-6.1.11.jar;D:\m2\org\springframework\spring-beans\6.1.11\spring-beans-6.1.11.jar;D:\m2\org\slf4j\slf4j-api\2.0.13\slf4j-api-2.0.13.jar;D:\m2\org\springframework\spring-aspects\6.1.11\spring-aspects-6.1.11.jar;D:\m2\org\springframework\boot\spring-boot-starter-web\3.2.8\spring-boot-starter-web-3.2.8.jar;D:\m2\org\springframework\boot\spring-boot-starter-json\3.2.8\spring-boot-starter-json-3.2.8.jar;D:\m2\com\fasterxml\jackson\datatype\jackson-datatype-jdk8\2.15.4\jackson-datatype-jdk8-2.15.4.jar;D:\m2\com\fasterxml\jackson\module\jackson-module-parameter-names\2.15.4\jackson-module-parameter-names-2.15.4.jar;D:\m2\org\springframework\boot\spring-boot-starter-tomcat\3.2.8\spring-boot-starter-tomcat-3.2.8.jar;D:\m2\org\apache\tomcat\embed\tomcat-embed-core\10.1.26\tomcat-embed-core-10.1.26.jar;D:\m2\org\apache\tomcat\embed\tomcat-embed-el\10.1.26\tomcat-embed-el-10.1.26.jar;D:\m2\org\apache\tomcat\embed\tomcat-embed-websocket\10.1.26\tomcat-embed-websocket-10.1.26.jar;D:\m2\org\springframework\spring-web\6.1.11\spring-web-6.1.11.jar;D:\m2\org\springframework\spring-webmvc\6.1.11\spring-webmvc-6.1.11.jar;D:\m2\org\springframework\spring-expression\6.1.11\spring-expression-6.1.11.jar;D:\m2\org\springframework\boot\spring-boot-devtools\3.2.8\spring-boot-devtools-3.2.8.jar;D:\m2\org\springframework\boot\spring-boot\3.2.8\spring-boot-3.2.8.jar;D:\m2\org\springframework\boot\spring-boot-autoconfigure\3.2.8\spring-boot-autoconfigure-3.2.8.jar;D:\m2\com\h2database\h2\2.2.224\h2-2.2.224.jar;D:\m2\org\springframework\boot\spring-boot-starter-test\3.2.8\spring-boot-starter-test-3.2.8.jar;D:\m2\org\springframework\boot\spring-boot-test\3.2.8\spring-boot-test-3.2.8.jar;D:\m2\org\springframework\boot\spring-boot-test-autoconfigure\3.2.8\spring-boot-test-autoconfigure-3.2.8.jar;D:\m2\com\jayway\jsonpath\json-path\2.9.0\json-path-2.9.0.jar;D:\m2\jakarta\xml\bind\jakarta.xml.bind-api\4.0.2\jakarta.xml.bind-api-4.0.2.jar;D:\m2\jakarta\activation\jakarta.activation-api\2.1.3\jakarta.activation-api-2.1.3.jar;D:\m2\net\minidev\json-smart\2.5.1\json-smart-2.5.1.jar;D:\m2\net\minidev\accessors-smart\2.5.1\accessors-smart-2.5.1.jar;D:\m2\org\ow2\asm\asm\9.6\asm-9.6.jar;D:\m2\org\assertj\assertj-core\3.24.2\assertj-core-3.24.2.jar;D:\m2\org\awaitility\awaitility\4.2.1\awaitility-4.2.1.jar;D:\m2\org\hamcrest\hamcrest\2.2\hamcrest-2.2.jar;D:\m2\org\junit\jupiter\junit-jupiter\5.10.3\junit-jupiter-5.10.3.jar;D:\m2\org\junit\jupiter\junit-jupiter-api\5.10.3\junit-jupiter-api-5.10.3.jar;D:\m2\org\opentest4j\opentest4j\1.3.0\opentest4j-1.3.0.jar;D:\m2\org\junit\platform\junit-platform-commons\1.10.3\junit-platform-commons-1.10.3.jar;D:\m2\org\apiguardian\apiguardian-api\1.1.2\apiguardian-api-1.1.2.jar;D:\m2\org\junit\jupiter\junit-jupiter-params\5.10.3\junit-jupiter-params-5.10.3.jar;D:\m2\org\junit\jupiter\junit-jupiter-engine\5.10.3\junit-jupiter-engine-5.10.3.jar;D:\m2\org\junit\platform\junit-platform-engine\1.10.3\junit-platform-engine-1.10.3.jar;D:\m2\org\mockito\mockito-core\5.7.0\mockito-core-5.7.0.jar;D:\m2\net\bytebuddy\byte-buddy-agent\1.14.18\byte-buddy-agent-1.14.18.jar;D:\m2\org\objenesis\objenesis\3.3\objenesis-3.3.jar;D:\m2\org\mockito\mockito-junit-jupiter\5.7.0\mockito-junit-jupiter-5.7.0.jar;D:\m2\org\skyscreamer\jsonassert\1.5.3\jsonassert-1.5.3.jar;D:\m2\com\vaadin\external\google\android-json\0.0.20131108.vaadin1\android-json-0.0.20131108.vaadin1.jar;D:\m2\org\springframework\spring-core\6.1.11\spring-core-6.1.11.jar;D:\m2\org\springframework\spring-jcl\6.1.11\spring-jcl-6.1.11.jar;D:\m2\org\springframework\spring-test\6.1.11\spring-test-6.1.11.jar;D:\m2\org\xmlunit\xmlunit-core\2.9.1\xmlunit-core-2.9.1.jar;"/>
    <property name="sun.cpu.endian" value="little"/>
    <property name="user.home" value="C:\Users\Montu"/>
    <property name="user.language" value="en"/>
    <property name="java.specification.vendor" value="Oracle Corporation"/>
    <property name="java.version.date" value="2024-07-16"/>
    <property name="java.home" value="D:\Softwares\jdk-22.0.2"/>
    <property name="file.separator" value="\"/>
    <property name="basedir" value="D:\BankApplication\BankXapplication"/>
    <property name="java.vm.compressedOopsMode" value="Zero based"/>
    <property name="line.separator" value="&#10;"/>
    <property name="java.vm.specification.vendor" value="Oracle Corporation"/>
    <property name="java.specification.name" value="Java Platform API Specification"/>
    <property name="FILE_LOG_CHARSET" value="UTF-8"/>
    <property name="java.awt.headless" value="true"/>
    <property name="surefire.real.class.path" value="C:\Users\Montu\AppData\Local\Temp\surefire17718589862996085041\surefirebooter-20240903141809022_3.jar"/>
    <property name="user.script" value=""/>
    <property name="sun.management.compiler" value="HotSpot 64-Bit Tiered Compilers"/>
    <property name="java.runtime.version" value="22.0.2+9-70"/>
    <property name="user.name" value="Montu"/>
    <property name="stdout.encoding" value="Cp1252"/>
    <property name="path.separator" value=";"/>
    <property name="os.version" value="10.0"/>
    <property name="java.runtime.name" value="OpenJDK Runtime Environment"/>
    <property name="file.encoding" value="UTF-8"/>
    <property name="java.vm.name" value="OpenJDK 64-Bit Server VM"/>
    <property name="localRepository" value="D:\m2"/>
    <property name="java.vendor.url.bug" value="https://bugreport.java.com/bugreport/"/>
    <property name="java.io.tmpdir" value="C:\Users\Montu\AppData\Local\Temp\"/>
    <property name="com.zaxxer.hikari.pool_number" value="1"/>
    <property name="java.version" value="22.0.2"/>
    <property name="user.dir" value="D:\BankApplication\BankXapplication"/>
    <property name="os.arch" value="amd64"/>
    <property name="java.vm.specification.name" value="Java Virtual Machine Specification"/>
    <property name="PID" value="10084"/>
    <property name="sun.os.patch.level" value=""/>
    <property name="CONSOLE_LOG_CHARSET" value="UTF-8"/>
    <property name="native.encoding" value="Cp1252"/>
    <property name="java.library.path" value="D:\Softwares\jdk-22.0.2\bin;C:\Windows\Sun\Java\bin;C:\Windows\system32;C:\Windows;C:\Windows\system32;C:\Windows;C:\Windows\System32\Wbem;C:\Windows\System32\WindowsPowerShell\v1.0\;C:\Windows\System32\OpenSSH\;C:\Program Files\Git\cmd;D:\Softwares\jdk-22.0.2\bin;D:\Softwares\apache-maven-3.9.9\bin;C:\Users\Montu\AppData\Local\Microsoft\WindowsApps;;."/>
    <property name="java.vm.info" value="mixed mode, sharing"/>
    <property name="stderr.encoding" value="Cp1252"/>
    <property name="java.vendor" value="Oracle Corporation"/>
    <property name="java.vm.version" value="22.0.2+9-70"/>
    <property name="sun.io.unicode.encoding" value="UnicodeLittle"/>
    <property name="java.class.version" value="66.0"/>
    <property name="LOGGED_APPLICATION_NAME" value="[bankx] "/>
  </properties>
  <testcase name="contextLoads" classname="com.bankx.bankx.BankxApplicationTests" time="0.58">
    <system-out><![CDATA[14:18:09.931 [main] INFO org.springframework.test.context.support.AnnotationConfigContextLoaderUtils -- Could not detect default configuration classes for test class [com.bankx.bankx.BankxApplicationTests]: BankxApplicationTests does not declare any static, non-private, non-final, nested classes annotated with @Configuration.
14:18:10.025 [main] INFO org.springframework.boot.test.context.SpringBootTestContextBootstrapper -- Found @SpringBootConfiguration com.bankx.BankXApplication for test class com.bankx.bankx.BankxApplicationTests
14:18:10.165 [main] INFO org.springframework.boot.devtools.restart.RestartApplicationListener -- Restart disabled due to context in which it is running

  .   ____          _            __ _ _
 /\\ / ___'_ __ _ _(_)_ __  __ _ \ \ \ \
( ( )\___ | '_ | '_| | '_ \/ _` | \ \ \ \
 \\/  ___)| |_)| | | | | || (_| |  ) ) ) )
  '  |____| .__|_| |_|_| |_\__, | / / / /
 =========|_|==============|___/=/_/_/_/
 :: Spring Boot ::                (v3.2.8)

2024-09-03T14:18:10.518+05:30  INFO 10084 --- [bankx] [           main] com.bankx.bankx.BankxApplicationTests    : Starting BankxApplicationTests using Java 22.0.2 with PID 10084 (started by Montu in D:\BankApplication\BankXapplication)
2024-09-03T14:18:10.531+05:30  INFO 10084 --- [bankx] [           main] com.bankx.bankx.BankxApplicationTests    : No active profile set, falling back to 1 default profile: "default"
2024-09-03T14:18:11.454+05:30  INFO 10084 --- [bankx] [           main] .s.d.r.c.RepositoryConfigurationDelegate : Bootstrapping Spring Data JPA repositories in DEFAULT mode.
2024-09-03T14:18:11.485+05:30  INFO 10084 --- [bankx] [           main] .s.d.r.c.RepositoryConfigurationDelegate : Finished Spring Data repository scanning in 37 ms. Found 1 JPA repository interface.
2024-09-03T14:18:12.126+05:30  INFO 10084 --- [bankx] [           main] com.zaxxer.hikari.HikariDataSource       : HikariPool-1 - Starting...
2024-09-03T14:18:12.329+05:30  INFO 10084 --- [bankx] [           main] com.zaxxer.hikari.pool.HikariPool        : HikariPool-1 - Added connection conn0: url=jdbc:h2:mem:bankdb user=SA
2024-09-03T14:18:12.329+05:30  INFO 10084 --- [bankx] [           main] com.zaxxer.hikari.HikariDataSource       : HikariPool-1 - Start completed.
2024-09-03T14:18:12.377+05:30  INFO 10084 --- [bankx] [           main] o.hibernate.jpa.internal.util.LogHelper  : HHH000204: Processing PersistenceUnitInfo [name: default]
2024-09-03T14:18:12.424+05:30  INFO 10084 --- [bankx] [           main] org.hibernate.Version                    : HHH000412: Hibernate ORM core version 6.4.9.Final
2024-09-03T14:18:12.455+05:30  INFO 10084 --- [bankx] [           main] o.h.c.internal.RegionFactoryInitiator    : HHH000026: Second-level cache disabled
2024-09-03T14:18:12.705+05:30  INFO 10084 --- [bankx] [           main] o.s.o.j.p.SpringPersistenceUnitInfo      : No LoadTimeWeaver setup: ignoring JPA class transformer
2024-09-03T14:18:12.752+05:30  WARN 10084 --- [bankx] [           main] org.hibernate.orm.deprecation            : HHH90000025: H2Dialect does not need to be specified explicitly using 'hibernate.dialect' (remove the property setting and it will be selected by default)
2024-09-03T14:18:13.455+05:30  INFO 10084 --- [bankx] [           main] o.h.e.t.j.p.i.JtaPlatformInitiator       : HHH000489: No JTA platform available (set 'hibernate.transaction.jta.platform' to enable JTA platform integration)
2024-09-03T14:18:13.487+05:30  INFO 10084 --- [bankx] [           main] j.LocalContainerEntityManagerFactoryBean : Initialized JPA EntityManagerFactory for persistence unit 'default'
2024-09-03T14:18:14.097+05:30  WARN 10084 --- [bankx] [           main] JpaBaseConfiguration$JpaWebConfiguration : spring.jpa.open-in-view is enabled by default. Therefore, database queries may be performed during view rendering. Explicitly configure spring.jpa.open-in-view to disable this warning
2024-09-03T14:18:14.144+05:30  INFO 10084 --- [bankx] [           main] o.s.b.a.w.s.WelcomePageHandlerMapping    : Adding welcome page: class path resource [static/index.html]
2024-09-03T14:18:14.926+05:30  INFO 10084 --- [bankx] [           main] o.s.b.a.h2.H2ConsoleAutoConfiguration    : H2 console available at '/h2-console'. Database available at 'jdbc:h2:mem:bankdb'
2024-09-03T14:18:14.973+05:30  INFO 10084 --- [bankx] [           main] o.s.b.a.e.web.EndpointLinksResolver      : Exposing 1 endpoint(s) beneath base path '/actuator'
2024-09-03T14:18:15.067+05:30  INFO 10084 --- [bankx] [           main] com.bankx.bankx.BankxApplicationTests    : Started BankxApplicationTests in 4.917 seconds (process running for 5.96)
]]></system-out>
    <system-err><![CDATA[WARNING: A Java agent has been loaded dynamically (D:\m2\net\bytebuddy\byte-buddy-agent\1.14.18\byte-buddy-agent-1.14.18.jar)
WARNING: If a serviceability tool is in use, please run with -XX:+EnableDynamicAgentLoading to hide this warning
WARNING: If a serviceability tool is not in use, please run with -Djdk.instrument.traceUsage for more information
WARNING: Dynamic loading of agents will be disallowed by default in a future release
]]></system-err>
  </testcase>
</testsuite>